Copying data sets
Building Dictionaries
Processing ./models/Hungarian-20-char-context-base1/data/train-sources
Done
Processing ./models/Hungarian-20-char-context-base1/data/train-targets
Done
Starting training
End of training
nohup: ./run_experiment_schedule: No such file or directory
nohup: run_experiment_schedule_20.sh: No such file or directory
Copying data sets
Building Dictionaries
Processing ./models_20/Croatian-20-char-context-base1/data/train-sources
Done
Processing ./models_20/Croatian-20-char-context-base1/data/train-targets
Done
Starting training
End of training
Copying data sets
Building Dictionaries
Processing ./models_10/English-20-char-context-base1/data/train-sources
Done
Processing ./models_10/English-20-char-context-base1/data/train-targets
Done
Starting training
